<?xml version="1.0" encoding="UTF-8"?>
<!-- Generated by org.testng.reporters.JUnitReportReporter -->
<testsuite hostname="MMLDVJITESHGHA" failures="0" tests="1" name="TestCases.cookieAnalytics" time="0.011" errors="0" timestamp="2021-12-09T09:54:33 IST" skipped="0">
  <testcase classname="TestCases.cookieAnalytics" name="print" time="0.011"/>
  <system-out/>
</testsuite> <!-- TestCases.cookieAnalytics -->
